<?xml version="1.0" encoding="UTF-8"?>
<!-- Generated by org.testng.reporters.JUnitReportReporter -->
<testsuite skipped="0" hostname="NEMANI" name="testNGDemo.Demo1" tests="1" failures="0" timestamp="01 Dec 2018 06:20:38 GMT" time="0.001" errors="0">
  <testcase name="test" time="0.001" classname="testNGDemo.Demo1"/>
</testsuite> <!-- testNGDemo.Demo1 -->
