<?xml version="1.0" encoding="UTF-8"?>
<!-- Generated by org.testng.reporters.JUnitReportReporter -->
<testsuite skipped="0" hostname="NEMANI" name="testNGDemo.Demo3" tests="1" failures="0" timestamp="01 Dec 2018 06:34:47 GMT" time="0.008" errors="0">
  <testcase name="test" time="0.008" classname="testNGDemo.Demo3"/>
</testsuite> <!-- testNGDemo.Demo3 -->
