<?xml version="1.0" encoding="UTF-8"?>
<!-- Generated by org.testng.reporters.JUnitReportReporter -->
<testsuite skipped="0" hostname="NEMANI" name="testNGDemo.demo2" tests="1" failures="0" timestamp="01 Dec 2018 06:31:46 GMT" time="0.007" errors="0">
  <testcase name="demo" time="0.007" classname="testNGDemo.demo2"/>
</testsuite> <!-- testNGDemo.demo2 -->
